1758582563: mosquitto version 2.0.22 starting
1758582563: Config loaded from /mosquitto/config/mosquitto.conf.
1758582563: Error: Unable to open pwfile "/mosquitto/config/passwd".
1758582563: Error opening password file "/mosquitto/config/passwd".
1758582564: mosquitto version 2.0.22 starting
1758582564: Config loaded from /mosquitto/config/mosquitto.conf.
1758582564: Error: Unable to open pwfile "/mosquitto/config/passwd".
1758582564: Error opening password file "/mosquitto/config/passwd".
1758582565: mosquitto version 2.0.22 starting
1758582565: Config loaded from /mosquitto/config/mosquitto.conf.
1758582565: Error: Unable to open pwfile "/mosquitto/config/passwd".
1758582565: Error opening password file "/mosquitto/config/passwd".
1758582566: mosquitto version 2.0.22 starting
1758582566: Config loaded from /mosquitto/config/mosquitto.conf.
1758582566: Error: Unable to open pwfile "/mosquitto/config/passwd".
1758582566: Error opening password file "/mosquitto/config/passwd".
1758582567: mosquitto version 2.0.22 starting
1758582567: Config loaded from /mosquitto/config/mosquitto.conf.
1758582567: Error: Unable to open pwfile "/mosquitto/config/passwd".
1758582567: Error opening password file "/mosquitto/config/passwd".
1758582569: mosquitto version 2.0.22 starting
1758582569: Config loaded from /mosquitto/config/mosquitto.conf.
1758582569: Error: Unable to open pwfile "/mosquitto/config/passwd".
1758582569: Error opening password file "/mosquitto/config/passwd".
1758582572: mosquitto version 2.0.22 starting
1758582572: Config loaded from /mosquitto/config/mosquitto.conf.
1758582572: Error: Unable to open pwfile "/mosquitto/config/passwd".
1758582572: Error opening password file "/mosquitto/config/passwd".
1758582579: mosquitto version 2.0.22 starting
1758582579: Config loaded from /mosquitto/config/mosquitto.conf.
1758582579: Error: Unable to open pwfile "/mosquitto/config/passwd".
1758582579: Error opening password file "/mosquitto/config/passwd".
1758582592: mosquitto version 2.0.22 starting
1758582592: Config loaded from /mosquitto/config/mosquitto.conf.
1758582592: Error: Unable to open pwfile "/mosquitto/config/passwd".
1758582592: Error opening password file "/mosquitto/config/passwd".
1758582618: mosquitto version 2.0.22 starting
1758582618: Config loaded from /mosquitto/config/mosquitto.conf.
1758582618: Error: Unable to open pwfile "/mosquitto/config/passwd".
1758582618: Error opening password file "/mosquitto/config/passwd".
1758582636: mosquitto version 2.0.22 starting
1758582636: Config loaded from /mosquitto/config/mosquitto.conf.
1758582636: Error: Unable to open pwfile "/mosquitto/config/passwd".
1758582636: Error opening password file "/mosquitto/config/passwd".
1758582636: mosquitto version 2.0.22 starting
1758582636: Config loaded from /mosquitto/config/mosquitto.conf.
1758582636: Error: Unable to open pwfile "/mosquitto/config/passwd".
1758582636: Error opening password file "/mosquitto/config/passwd".
1758582637: mosquitto version 2.0.22 starting
1758582637: Config loaded from /mosquitto/config/mosquitto.conf.
1758582637: Error: Unable to open pwfile "/mosquitto/config/passwd".
1758582637: Error opening password file "/mosquitto/config/passwd".
1758582638: mosquitto version 2.0.22 starting
1758582638: Config loaded from /mosquitto/config/mosquitto.conf.
1758582638: Error: Unable to open pwfile "/mosquitto/config/passwd".
1758582638: Error opening password file "/mosquitto/config/passwd".
1758582639: mosquitto version 2.0.22 starting
1758582639: Config loaded from /mosquitto/config/mosquitto.conf.
1758582639: Error: Unable to open pwfile "/mosquitto/config/passwd".
1758582639: Error opening password file "/mosquitto/config/passwd".
1758582641: mosquitto version 2.0.22 starting
1758582641: Config loaded from /mosquitto/config/mosquitto.conf.
1758582641: Error: Unable to open pwfile "/mosquitto/config/passwd".
1758582641: Error opening password file "/mosquitto/config/passwd".
1758582644: mosquitto version 2.0.22 starting
1758582644: Config loaded from /mosquitto/config/mosquitto.conf.
1758582644: Error: Unable to open pwfile "/mosquitto/config/passwd".
1758582644: Error opening password file "/mosquitto/config/passwd".
1758582651: mosquitto version 2.0.22 starting
1758582651: Config loaded from /mosquitto/config/mosquitto.conf.
1758582651: Error: Unable to open pwfile "/mosquitto/config/passwd".
1758582651: Error opening password file "/mosquitto/config/passwd".
1758582664: mosquitto version 2.0.22 starting
1758582664: Config loaded from /mosquitto/config/mosquitto.conf.
1758582664: Error: Unable to open pwfile "/mosquitto/config/passwd".
1758582664: Error opening password file "/mosquitto/config/passwd".
1758582694: mosquitto version 2.0.22 starting
1758582694: Config loaded from /mosquitto/config/mosquitto.conf.
1758582694: Error: Unable to open pwfile "/mosquitto/config/passwd".
1758582694: Error opening password file "/mosquitto/config/passwd".
1758582695: mosquitto version 2.0.22 starting
1758582695: Config loaded from /mosquitto/config/mosquitto.conf.
1758582695: Error: Unable to open pwfile "/mosquitto/config/passwd".
1758582695: Error opening password file "/mosquitto/config/passwd".
1758582696: mosquitto version 2.0.22 starting
1758582696: Config loaded from /mosquitto/config/mosquitto.conf.
1758582696: Error: Unable to open pwfile "/mosquitto/config/passwd".
1758582696: Error opening password file "/mosquitto/config/passwd".
1758582696: mosquitto version 2.0.22 starting
1758582696: Config loaded from /mosquitto/config/mosquitto.conf.
1758582696: Error: Unable to open pwfile "/mosquitto/config/passwd".
1758582696: Error opening password file "/mosquitto/config/passwd".
1758582697: mosquitto version 2.0.22 starting
1758582697: Config loaded from /mosquitto/config/mosquitto.conf.
1758582697: Error: Unable to open pwfile "/mosquitto/config/passwd".
1758582697: Error opening password file "/mosquitto/config/passwd".
1758582699: mosquitto version 2.0.22 starting
1758582699: Config loaded from /mosquitto/config/mosquitto.conf.
1758582699: Error: Unable to open pwfile "/mosquitto/config/passwd".
1758582699: Error opening password file "/mosquitto/config/passwd".
1758582703: mosquitto version 2.0.22 starting
1758582703: Config loaded from /mosquitto/config/mosquitto.conf.
1758582703: Error: Unable to open pwfile "/mosquitto/config/passwd".
1758582703: Error opening password file "/mosquitto/config/passwd".
1758582709: mosquitto version 2.0.22 starting
1758582709: Config loaded from /mosquitto/config/mosquitto.conf.
1758582709: Error: Unable to open pwfile "/mosquitto/config/passwd".
1758582709: Error opening password file "/mosquitto/config/passwd".
1758582723: mosquitto version 2.0.22 starting
1758582723: Config loaded from /mosquitto/config/mosquitto.conf.
1758582723: Error: Unable to open pwfile "/mosquitto/config/passwd".
1758582723: Error opening password file "/mosquitto/config/passwd".
1758582748: mosquitto version 2.0.22 starting
1758582748: Config loaded from /mosquitto/config/mosquitto.conf.
1758582748: Error: Unable to open pwfile "/mosquitto/config/passwd".
1758582748: Error opening password file "/mosquitto/config/passwd".
1758582800: mosquitto version 2.0.22 starting
1758582800: Config loaded from /mosquitto/config/mosquitto.conf.
1758582800: Error: Unable to open pwfile "/mosquitto/config/passwd".
1758582800: Error opening password file "/mosquitto/config/passwd".
1758582860: mosquitto version 2.0.22 starting
1758582860: Config loaded from /mosquitto/config/mosquitto.conf.
1758582860: Warning: File /mosquitto/config/passwd has world readable permissions. Future versions will refuse to load this file.
To fix this, use `chmod 0700 /mosquitto/config/passwd`.
1758582860: Opening ipv4 listen socket on port 1883.
1758582860: Opening websockets listen socket on port 9001.
1758582860: mosquitto version 2.0.22 running
1758582861: Client esp32-002-web-mfvo4vj6-d52389 closed its connection.
1758582864: Client esp32-002-web-mfvo4vj6-d52389 closed its connection.
1758582866: Client esp32-002-web-mfvo4vj6-d52389 closed its connection.
1758582867: Client esp32-002-web-mfvo4vj6-d52389 closed its connection.
1758582869: Client esp32-002-web-mfvo4vj6-d52389 closed its connection.
1758582871: Client esp32-002-web-mfvo4vj6-d52389 closed its connection.
1758582873: Client esp32-002-web-mfvo4vj6-d52389 closed its connection.
1758582875: Client esp32-002-web-mfvo4vj6-d52389 closed its connection.
1758582877: Client esp32-002-web-mfvo4vj6-d52389 closed its connection.
1758582879: Client esp32-002-web-mfvo4vj6-d52389 closed its connection.
1758582881: Client esp32-002-web-mfvo4vj6-d52389 closed its connection.
1758582883: Client esp32-002-web-mfvo4vj6-d52389 closed its connection.
1758582885: Client esp32-002-web-mfvo4vj6-d52389 closed its connection.
1758582887: Client esp32-002-web-mfvo4vj6-d52389 closed its connection.
1758582889: Client esp32-002-web-mfvo4vj6-d52389 closed its connection.
1758582891: Client esp32-002-web-mfvo4vj6-d52389 closed its connection.
1758582893: Client esp32-002-web-mfvo4vj6-d52389 closed its connection.
1758582895: Client esp32-002-web-mfvo4vj6-d52389 closed its connection.
1758582897: Client esp32-002-web-mfvo4vj6-d52389 closed its connection.
1758582899: Client esp32-002-web-mfvo4vj6-d52389 closed its connection.
1758582901: Client esp32-002-web-mfvo4vj6-d52389 closed its connection.
1758582904: Client esp32-002-web-mfvo4vj6-d52389 closed its connection.
1758582905: Client esp32-002-web-mfvo4vj6-d52389 closed its connection.
1758582907: Client esp32-002-web-mfvo4vj6-d52389 closed its connection.
1758582909: Client esp32-002-web-mfvo4vj6-d52389 closed its connection.
1758582911: Client esp32-002-web-mfvo4vj6-d52389 closed its connection.
1758582913: Client esp32-002-web-mfvo4vj6-d52389 closed its connection.
1758582915: Client esp32-002-web-mfvo4vj6-d52389 closed its connection.
1758582917: Client esp32-002-web-mfvo4vj6-d52389 closed its connection.
1758582919: Client esp32-002-web-mfvo4vj6-d52389 closed its connection.
1758582921: Client esp32-002-web-mfvo4vj6-d52389 closed its connection.
1758582923: Client esp32-002-web-mfvo4vj6-d52389 closed its connection.
1758582925: Client esp32-002-web-mfvo4vj6-d52389 closed its connection.
1758582927: Client esp32-002-web-mfvo4vj6-d52389 closed its connection.
1758582929: Client esp32-002-web-mfvo4vj6-d52389 closed its connection.
1758582931: Client esp32-002-web-mfvo4vj6-d52389 closed its connection.
1758582933: Client esp32-002-web-mfvo4vj6-d52389 closed its connection.
1758582935: Client esp32-002-web-mfvo4vj6-d52389 closed its connection.
1758582937: Client esp32-002-web-mfvo4vj6-d52389 closed its connection.
1758582939: Client esp32-002-web-mfvo4vj6-d52389 closed its connection.
1758582941: Client esp32-002-web-mfvo4vj6-d52389 closed its connection.
1758582943: Client esp32-002-web-mfvo4vj6-d52389 closed its connection.
1758582945: Client esp32-002-web-mfvo4vj6-d52389 closed its connection.
1758582947: Client esp32-002-web-mfvo4vj6-d52389 closed its connection.
1758582949: Client esp32-002-web-mfvo4vj6-d52389 closed its connection.
1758582951: Client esp32-002-web-mfvo4vj6-d52389 closed its connection.
1758582953: Client esp32-002-web-mfvo4vj6-d52389 closed its connection.
1758582955: Client esp32-002-web-mfvo4vj6-d52389 closed its connection.
1758582957: Client esp32-002-web-mfvo4vj6-d52389 closed its connection.
1758582959: Client esp32-002-web-mfvo4vj6-d52389 closed its connection.
1758582961: Client esp32-002-web-mfvo4vj6-d52389 closed its connection.
1758582963: Client esp32-001-web-mfvnpy0a-57b61d closed its connection.
1758582963: Client esp32-002-web-mfvo4vj6-d52389 closed its connection.
1758582965: Client esp32-002-web-mfvo4vj6-d52389 closed its connection.
1758582967: Client esp32-002-web-mfvo4vj6-d52389 closed its connection.
1758582969: Client esp32-002-web-mfvo4vj6-d52389 closed its connection.
1758582971: Client esp32-002-web-mfvo4vj6-d52389 closed its connection.
1758582973: Client esp32-002-web-mfvo4vj6-d52389 closed its connection.
1758582975: Client esp32-002-web-mfvo4vj6-d52389 closed its connection.
1758582977: Client esp32-002-web-mfvo4vj6-d52389 closed its connection.
1758582979: Client esp32-002-web-mfvo4vj6-d52389 closed its connection.
1758582981: Client esp32-002-web-mfvo4vj6-d52389 closed its connection.
1758582983: Client esp32-002-web-mfvo4vj6-d52389 closed its connection.
1758582985: Client esp32-002-web-mfvo4vj6-d52389 closed its connection.
1758582987: Client esp32-002-web-mfvo4vj6-d52389 closed its connection.
1758582989: Client esp32-002-web-mfvo4vj6-d52389 closed its connection.
1758582991: Client esp32-002-web-mfvo4vj6-d52389 closed its connection.
1758582993: Client esp32-002-web-mfvo4vj6-d52389 closed its connection.
1758582995: Client esp32-002-web-mfvo4vj6-d52389 closed its connection.
1758582997: Client esp32-002-web-mfvo4vj6-d52389 closed its connection.
1758582999: Client esp32-002-web-mfvo4vj6-d52389 closed its connection.
1758583001: Client esp32-002-web-mfvo4vj6-d52389 closed its connection.
1758583003: Client esp32-002-web-mfvo4vj6-d52389 closed its connection.
1758583005: Client esp32-002-web-mfvo4vj6-d52389 closed its connection.
1758583007: Client esp32-002-web-mfvo4vj6-d52389 closed its connection.
1758583009: Client esp32-002-web-mfvo4vj6-d52389 closed its connection.
1758583011: Client esp32-002-web-mfvo4vj6-d52389 closed its connection.
1758583013: Client esp32-002-web-mfvo4vj6-d52389 closed its connection.
1758583015: Client esp32-002-web-mfvo4vj6-d52389 closed its connection.
1758583017: Client esp32-002-web-mfvo4vj6-d52389 closed its connection.
1758583019: Client esp32-002-web-mfvo4vj6-d52389 closed its connection.
1758583021: Client esp32-002-web-mfvo4vj6-d52389 closed its connection.
1758583024: Client esp32-002-web-mfvo4vj6-d52389 closed its connection.
1758583025: Client esp32-002-web-mfvo4vj6-d52389 closed its connection.
1758583027: Client esp32-002-web-mfvo4vj6-d52389 closed its connection.
1758583029: Client esp32-002-web-mfvo4vj6-d52389 closed its connection.
1758583031: Client esp32-002-web-mfvo4vj6-d52389 closed its connection.
1758583033: Client esp32-002-web-mfvo4vj6-d52389 closed its connection.
1758583035: Client esp32-002-web-mfvo4vj6-d52389 closed its connection.
1758583037: Client esp32-002-web-mfvo4vj6-d52389 closed its connection.
1758583039: Client esp32-002-web-mfvo4vj6-d52389 closed its connection.
1758583041: Client esp32-002-web-mfvo4vj6-d52389 closed its connection.
1758583043: Client esp32-002-web-mfvo4vj6-d52389 closed its connection.
1758583045: Client esp32-002-web-mfvo4vj6-d52389 closed its connection.
1758583047: Client esp32-002-web-mfvo4vj6-d52389 closed its connection.
1758583049: Client esp32-002-web-mfvo4vj6-d52389 closed its connection.
1758583051: Client esp32-002-web-mfvo4vj6-d52389 closed its connection.
1758583053: Client esp32-002-web-mfvo4vj6-d52389 closed its connection.
1758583055: Client esp32-002-web-mfvo4vj6-d52389 closed its connection.
1758583057: Client esp32-002-web-mfvo4vj6-d52389 closed its connection.
1758583059: Client esp32-002-web-mfvo4vj6-d52389 closed its connection.
1758583061: Client esp32-002-web-mfvo4vj6-d52389 closed its connection.
1758583063: Client esp32-002-web-mfvo4vj6-d52389 closed its connection.
1758583065: Client esp32-002-web-mfvo4vj6-d52389 closed its connection.
1758583067: Client esp32-002-web-mfvo4vj6-d52389 closed its connection.
1758583069: Client esp32-002-web-mfvo4vj6-d52389 closed its connection.
1758583071: Client esp32-002-web-mfvo4vj6-d52389 closed its connection.
1758583073: Client esp32-002-web-mfvo4vj6-d52389 closed its connection.
1758583075: Client esp32-002-web-mfvo4vj6-d52389 closed its connection.
1758583077: Client esp32-002-web-mfvo4vj6-d52389 closed its connection.
1758583079: Client esp32-002-web-mfvo4vj6-d52389 closed its connection.
1758583081: Client esp32-002-web-mfvo4vj6-d52389 closed its connection.
1758583083: Client esp32-001-web-mfvnpy0a-57b61d closed its connection.
1758583083: Client esp32-002-web-mfvo4vj6-d52389 closed its connection.
1758583085: Client esp32-002-web-mfvo4vj6-d52389 closed its connection.
1758583087: Client esp32-002-web-mfvo4vj6-d52389 closed its connection.
1758583089: Client esp32-002-web-mfvo4vj6-d52389 closed its connection.
1758583091: Client esp32-002-web-mfvo4vj6-d52389 closed its connection.
1758583093: Client esp32-002-web-mfvo4vj6-d52389 closed its connection.
1758583095: Client esp32-002-web-mfvo4vj6-d52389 closed its connection.
1758583097: Client esp32-002-web-mfvo4vj6-d52389 closed its connection.
1758583099: Client esp32-002-web-mfvo4vj6-d52389 closed its connection.
1758583101: Client esp32-002-web-mfvo4vj6-d52389 closed its connection.
1758583103: Client esp32-002-web-mfvo4vj6-d52389 closed its connection.
1758583105: Client esp32-002-web-mfvo4vj6-d52389 closed its connection.
1758583107: Client esp32-002-web-mfvo4vj6-d52389 closed its connection.
1758583109: Client esp32-002-web-mfvo4vj6-d52389 closed its connection.
1758583111: Client esp32-002-web-mfvo4vj6-d52389 closed its connection.
1758583113: Client esp32-002-web-mfvo4vj6-d52389 closed its connection.
1758583115: Client esp32-002-web-mfvo4vj6-d52389 closed its connection.
1758583117: Client esp32-002-web-mfvo4vj6-d52389 closed its connection.
1758583119: Client esp32-002-web-mfvo4vj6-d52389 closed its connection.
1758583121: Client esp32-002-web-mfvo4vj6-d52389 closed its connection.
1758583123: Client esp32-002-web-mfvo4vj6-d52389 closed its connection.
1758583125: Client esp32-002-web-mfvo4vj6-d52389 closed its connection.
1758583127: Client esp32-002-web-mfvo4vj6-d52389 closed its connection.
1758583129: Client esp32-002-web-mfvo4vj6-d52389 closed its connection.
1758583131: Client esp32-002-web-mfvo4vj6-d52389 closed its connection.
1758583133: Client esp32-002-web-mfvo4vj6-d52389 closed its connection.
1758583135: Client esp32-002-web-mfvo4vj6-d52389 closed its connection.
1758583137: Client esp32-002-web-mfvo4vj6-d52389 closed its connection.
1758583139: Client esp32-002-web-mfvo4vj6-d52389 closed its connection.
1758583141: Client esp32-002-web-mfvo4vj6-d52389 closed its connection.
1758583144: Client esp32-002-web-mfvo4vj6-d52389 closed its connection.
1758583145: Client esp32-002-web-mfvo4vj6-d52389 closed its connection.
1758583147: Client esp32-002-web-mfvo4vj6-d52389 closed its connection.
1758583149: Client esp32-002-web-mfvo4vj6-d52389 closed its connection.
1758583151: Client esp32-002-web-mfvo4vj6-d52389 closed its connection.
1758583153: Client esp32-002-web-mfvo4vj6-d52389 closed its connection.
1758583155: Client esp32-002-web-mfvo4vj6-d52389 closed its connection.
1758583157: Client esp32-002-web-mfvo4vj6-d52389 closed its connection.
1758583159: Client esp32-002-web-mfvo4vj6-d52389 closed its connection.
1758583161: Client esp32-002-web-mfvo4vj6-d52389 closed its connection.
1758583163: Client esp32-002-web-mfvo4vj6-d52389 closed its connection.
1758583165: Client esp32-002-web-mfvo4vj6-d52389 closed its connection.
1758583167: Client esp32-002-web-mfvo4vj6-d52389 closed its connection.
1758583169: Client esp32-002-web-mfvo4vj6-d52389 closed its connection.
1758583171: Client esp32-002-web-mfvo4vj6-d52389 closed its connection.
1758583173: Client esp32-002-web-mfvo4vj6-d52389 closed its connection.
1758583175: Client esp32-002-web-mfvo4vj6-d52389 closed its connection.
1758583177: Client esp32-002-web-mfvo4vj6-d52389 closed its connection.
1758583179: Client esp32-002-web-mfvo4vj6-d52389 closed its connection.
1758583181: Client esp32-002-web-mfvo4vj6-d52389 closed its connection.
1758583183: Client esp32-002-web-mfvo4vj6-d52389 closed its connection.
1758583185: Client esp32-002-web-mfvo4vj6-d52389 closed its connection.
1758583187: Client esp32-002-web-mfvo4vj6-d52389 closed its connection.
1758583189: Client esp32-002-web-mfvo4vj6-d52389 closed its connection.
1758583191: Client esp32-002-web-mfvo4vj6-d52389 closed its connection.
1758583193: Client esp32-002-web-mfvo4vj6-d52389 closed its connection.
1758583195: Client esp32-002-web-mfvo4vj6-d52389 closed its connection.
1758583197: Client esp32-002-web-mfvo4vj6-d52389 closed its connection.
1758583199: Client esp32-002-web-mfvo4vj6-d52389 closed its connection.
1758583201: Client esp32-002-web-mfvo4vj6-d52389 closed its connection.
1758583203: Client esp32-001-web-mfvnpy0a-57b61d closed its connection.
1758583203: Client esp32-002-web-mfvo4vj6-d52389 closed its connection.
1758583205: Client esp32-002-web-mfvo4vj6-d52389 closed its connection.
1758583207: Client esp32-002-web-mfvo4vj6-d52389 closed its connection.
1758583209: Client esp32-002-web-mfvo4vj6-d52389 closed its connection.
1758583211: Client esp32-002-web-mfvo4vj6-d52389 closed its connection.
1758583213: Client esp32-002-web-mfvo4vj6-d52389 closed its connection.
1758583215: Client esp32-002-web-mfvo4vj6-d52389 closed its connection.
1758583217: Client esp32-002-web-mfvo4vj6-d52389 closed its connection.
1758583219: Client esp32-002-web-mfvo4vj6-d52389 closed its connection.
1758583221: Client esp32-002-web-mfvo4vj6-d52389 closed its connection.
1758583223: Client esp32-002-web-mfvo4vj6-d52389 closed its connection.
1758583225: Client esp32-002-web-mfvo4vj6-d52389 closed its connection.
1758583227: Client esp32-002-web-mfvo4vj6-d52389 closed its connection.
1758583229: Client esp32-002-web-mfvo4vj6-d52389 closed its connection.
1758583231: Client esp32-002-web-mfvo4vj6-d52389 closed its connection.
1758583233: Client esp32-002-web-mfvo4vj6-d52389 closed its connection.
1758583235: Client esp32-002-web-mfvo4vj6-d52389 closed its connection.
1758583237: Client esp32-002-web-mfvo4vj6-d52389 closed its connection.
1758583239: Client esp32-002-web-mfvo4vj6-d52389 closed its connection.
1758583241: Client esp32-002-web-mfvo4vj6-d52389 closed its connection.
1758583243: Client esp32-002-web-mfvo4vj6-d52389 closed its connection.
1758583245: Client esp32-002-web-mfvo4vj6-d52389 closed its connection.
1758583247: Client esp32-002-web-mfvo4vj6-d52389 closed its connection.
1758583249: Client esp32-002-web-mfvo4vj6-d52389 closed its connection.
1758583251: Client esp32-002-web-mfvo4vj6-d52389 closed its connection.
1758583253: Client esp32-002-web-mfvo4vj6-d52389 closed its connection.
1758583255: Client esp32-002-web-mfvo4vj6-d52389 closed its connection.
1758583257: Client esp32-002-web-mfvo4vj6-d52389 closed its connection.
1758583259: Client esp32-002-web-mfvo4vj6-d52389 closed its connection.
1758583261: Client esp32-002-web-mfvo4vj6-d52389 closed its connection.
1758583264: Client esp32-002-web-mfvo4vj6-d52389 closed its connection.
1758583265: Client esp32-002-web-mfvo4vj6-d52389 closed its connection.
1758583267: Client esp32-002-web-mfvo4vj6-d52389 closed its connection.
1758583269: Client esp32-002-web-mfvo4vj6-d52389 closed its connection.
1758583271: Client esp32-002-web-mfvo4vj6-d52389 closed its connection.
1758583273: Client esp32-002-web-mfvo4vj6-d52389 closed its connection.
1758583275: Client esp32-002-web-mfvo4vj6-d52389 closed its connection.
1758583277: Client esp32-002-web-mfvo4vj6-d52389 closed its connection.
1758583279: Client esp32-002-web-mfvo4vj6-d52389 closed its connection.
1758583281: Client esp32-002-web-mfvo4vj6-d52389 closed its connection.
1758583283: Client esp32-002-web-mfvo4vj6-d52389 closed its connection.
1758583285: Client esp32-002-web-mfvo4vj6-d52389 closed its connection.
1758583287: Client esp32-002-web-mfvo4vj6-d52389 closed its connection.
1758583289: Client esp32-002-web-mfvo4vj6-d52389 closed its connection.
1758583291: Client esp32-002-web-mfvo4vj6-d52389 closed its connection.
1758583293: Client esp32-002-web-mfvo4vj6-d52389 closed its connection.
1758583295: Client esp32-002-web-mfvo4vj6-d52389 closed its connection.
1758583297: Client esp32-002-web-mfvo4vj6-d52389 closed its connection.
1758583299: Client esp32-002-web-mfvo4vj6-d52389 closed its connection.
1758583301: Client esp32-002-web-mfvo4vj6-d52389 closed its connection.
1758583303: Client esp32-002-web-mfvo4vj6-d52389 closed its connection.
1758583305: Client esp32-002-web-mfvo4vj6-d52389 closed its connection.
1758583307: Client esp32-002-web-mfvo4vj6-d52389 closed its connection.
1758583309: Client esp32-002-web-mfvo4vj6-d52389 closed its connection.
1758583311: Client esp32-002-web-mfvo4vj6-d52389 closed its connection.
1758583313: Client esp32-002-web-mfvo4vj6-d52389 closed its connection.
1758583315: Client esp32-002-web-mfvo4vj6-d52389 closed its connection.
1758583317: Client esp32-002-web-mfvo4vj6-d52389 closed its connection.
1758583319: Client esp32-002-web-mfvo4vj6-d52389 closed its connection.
1758583321: Client esp32-002-web-mfvo4vj6-d52389 closed its connection.
1758583323: Client esp32-001-web-mfvnpy0a-57b61d closed its connection.
1758583323: Client esp32-002-web-mfvo4vj6-d52389 closed its connection.
1758583325: Client esp32-002-web-mfvo4vj6-d52389 closed its connection.
1758583327: Client esp32-002-web-mfvo4vj6-d52389 closed its connection.
1758583329: Client esp32-002-web-mfvo4vj6-d52389 closed its connection.
1758583331: Client esp32-002-web-mfvo4vj6-d52389 closed its connection.
1758583333: Client esp32-002-web-mfvo4vj6-d52389 closed its connection.
1758583335: Client esp32-002-web-mfvo4vj6-d52389 closed its connection.
1758583337: Client esp32-002-web-mfvo4vj6-d52389 closed its connection.
1758583339: Client esp32-002-web-mfvo4vj6-d52389 closed its connection.
1758583341: Client esp32-002-web-mfvo4vj6-d52389 closed its connection.
1758583343: Client esp32-002-web-mfvo4vj6-d52389 closed its connection.
1758583345: Client esp32-002-web-mfvo4vj6-d52389 closed its connection.
1758583347: Client esp32-002-web-mfvo4vj6-d52389 closed its connection.
1758583349: Client esp32-002-web-mfvo4vj6-d52389 closed its connection.
1758583351: Client esp32-002-web-mfvo4vj6-d52389 closed its connection.
1758583353: Client esp32-002-web-mfvo4vj6-d52389 closed its connection.
1758583355: Client esp32-002-web-mfvo4vj6-d52389 closed its connection.
1758583357: Client esp32-002-web-mfvo4vj6-d52389 closed its connection.
1758583359: Client esp32-002-web-mfvo4vj6-d52389 closed its connection.
1758583361: Client esp32-002-web-mfvo4vj6-d52389 closed its connection.
1758583363: Client esp32-002-web-mfvo4vj6-d52389 closed its connection.
1758583365: Client esp32-002-web-mfvo4vj6-d52389 closed its connection.
1758583367: Client esp32-002-web-mfvo4vj6-d52389 closed its connection.
1758583369: Client esp32-002-web-mfvo4vj6-d52389 closed its connection.
1758583371: Client esp32-002-web-mfvo4vj6-d52389 closed its connection.
1758583373: Client esp32-002-web-mfvo4vj6-d52389 closed its connection.
1758583375: Client esp32-002-web-mfvo4vj6-d52389 closed its connection.
1758583377: Client esp32-002-web-mfvo4vj6-d52389 closed its connection.
1758583379: Client esp32-002-web-mfvo4vj6-d52389 closed its connection.
1758583381: Client esp32-002-web-mfvo4vj6-d52389 closed its connection.
1758583384: Client esp32-002-web-mfvo4vj6-d52389 closed its connection.
1758583385: Client esp32-002-web-mfvo4vj6-d52389 closed its connection.
1758583387: Client esp32-002-web-mfvo4vj6-d52389 closed its connection.
1758583389: Client esp32-002-web-mfvo4vj6-d52389 closed its connection.
1758583391: Client esp32-002-web-mfvo4vj6-d52389 closed its connection.
1758583393: Client esp32-002-web-mfvo4vj6-d52389 closed its connection.
1758583395: Client esp32-002-web-mfvo4vj6-d52389 closed its connection.
1758583397: Client esp32-002-web-mfvo4vj6-d52389 closed its connection.
1758583399: Client esp32-002-web-mfvo4vj6-d52389 closed its connection.
1758583401: Client esp32-002-web-mfvo4vj6-d52389 closed its connection.
1758583403: Client esp32-002-web-mfvo4vj6-d52389 closed its connection.
1758583405: Client esp32-002-web-mfvo4vj6-d52389 closed its connection.
1758583407: Client esp32-002-web-mfvo4vj6-d52389 closed its connection.
1758583409: Client esp32-002-web-mfvo4vj6-d52389 closed its connection.
1758583411: Client esp32-002-web-mfvo4vj6-d52389 closed its connection.
1758583413: Client esp32-002-web-mfvo4vj6-d52389 closed its connection.
1758583415: Client esp32-002-web-mfvo4vj6-d52389 closed its connection.
1758583417: Client esp32-002-web-mfvo4vj6-d52389 closed its connection.
1758583419: Client esp32-002-web-mfvo4vj6-d52389 closed its connection.
1758583421: Client esp32-002-web-mfvo4vj6-d52389 closed its connection.
1758583423: Client esp32-002-web-mfvo4vj6-d52389 closed its connection.
1758583425: Client esp32-002-web-mfvo4vj6-d52389 closed its connection.
1758583427: Client esp32-002-web-mfvo4vj6-d52389 closed its connection.
1758583429: Client esp32-002-web-mfvo4vj6-d52389 closed its connection.
1758583431: Client esp32-002-web-mfvo4vj6-d52389 closed its connection.
1758583433: Client esp32-002-web-mfvo4vj6-d52389 closed its connection.
1758583435: Client esp32-002-web-mfvo4vj6-d52389 closed its connection.
1758583437: Client esp32-002-web-mfvo4vj6-d52389 closed its connection.
1758583439: Client esp32-002-web-mfvo4vj6-d52389 closed its connection.
1758583441: Client esp32-002-web-mfvo4vj6-d52389 closed its connection.
1758583443: Client esp32-001-web-mfvnpy0a-57b61d closed its connection.
1758583443: Client esp32-002-web-mfvo4vj6-d52389 closed its connection.
1758583445: Client esp32-002-web-mfvo4vj6-d52389 closed its connection.
1758583447: Client esp32-002-web-mfvo4vj6-d52389 closed its connection.
1758583449: Client esp32-002-web-mfvo4vj6-d52389 closed its connection.
1758583451: Client esp32-002-web-mfvo4vj6-d52389 closed its connection.
1758583453: Client esp32-002-web-mfvo4vj6-d52389 closed its connection.
1758583455: Client esp32-002-web-mfvo4vj6-d52389 closed its connection.
1758583457: Client esp32-002-web-mfvo4vj6-d52389 closed its connection.
1758583459: Client esp32-002-web-mfvo4vj6-d52389 closed its connection.
1758583461: Client esp32-002-web-mfvo4vj6-d52389 closed its connection.
1758583463: Client esp32-002-web-mfvo4vj6-d52389 closed its connection.
1758583465: Client esp32-002-web-mfvo4vj6-d52389 closed its connection.
1758583467: Client esp32-002-web-mfvo4vj6-d52389 closed its connection.
1758583469: Client esp32-002-web-mfvo4vj6-d52389 closed its connection.
1758583471: Client esp32-002-web-mfvo4vj6-d52389 closed its connection.
1758583473: Client esp32-002-web-mfvo4vj6-d52389 closed its connection.
1758583475: Client esp32-002-web-mfvo4vj6-d52389 closed its connection.
1758583477: Client esp32-002-web-mfvo4vj6-d52389 closed its connection.
1758583479: Client esp32-002-web-mfvo4vj6-d52389 closed its connection.
1758583481: Client esp32-002-web-mfvo4vj6-d52389 closed its connection.
1758583483: Client esp32-002-web-mfvo4vj6-d52389 closed its connection.
1758583485: Client esp32-002-web-mfvo4vj6-d52389 closed its connection.
1758583487: Client esp32-002-web-mfvo4vj6-d52389 closed its connection.
1758583489: Client esp32-002-web-mfvo4vj6-d52389 closed its connection.
1758583491: Client esp32-002-web-mfvo4vj6-d52389 closed its connection.
1758583493: Client esp32-002-web-mfvo4vj6-d52389 closed its connection.
1758583495: Client esp32-002-web-mfvo4vj6-d52389 closed its connection.
1758583497: Client esp32-002-web-mfvo4vj6-d52389 closed its connection.
1758583499: Client esp32-002-web-mfvo4vj6-d52389 closed its connection.
1758583501: Client esp32-002-web-mfvo4vj6-d52389 closed its connection.
1758583504: Client esp32-002-web-mfvo4vj6-d52389 closed its connection.
1758583505: Client esp32-002-web-mfvo4vj6-d52389 closed its connection.
1758583507: Client esp32-002-web-mfvo4vj6-d52389 closed its connection.
1758583509: Client esp32-002-web-mfvo4vj6-d52389 closed its connection.
1758583511: Client esp32-002-web-mfvo4vj6-d52389 closed its connection.
1758583513: Client esp32-002-web-mfvo4vj6-d52389 closed its connection.
1758583515: Client esp32-002-web-mfvo4vj6-d52389 closed its connection.
1758583517: Client esp32-002-web-mfvo4vj6-d52389 closed its connection.
1758583519: Client esp32-002-web-mfvo4vj6-d52389 closed its connection.
1758583521: Client esp32-002-web-mfvo4vj6-d52389 closed its connection.
1758583523: Client esp32-002-web-mfvo4vj6-d52389 closed its connection.
1758583525: Client esp32-002-web-mfvo4vj6-d52389 closed its connection.
1758583527: Client esp32-002-web-mfvo4vj6-d52389 closed its connection.
1758583529: Client esp32-002-web-mfvo4vj6-d52389 closed its connection.
1758583531: Client esp32-002-web-mfvo4vj6-d52389 closed its connection.
1758583533: Client esp32-002-web-mfvo4vj6-d52389 closed its connection.
1758583535: Client esp32-002-web-mfvo4vj6-d52389 closed its connection.
1758583537: Client esp32-002-web-mfvo4vj6-d52389 closed its connection.
1758583539: Client esp32-002-web-mfvo4vj6-d52389 closed its connection.
1758583541: Client esp32-002-web-mfvo4vj6-d52389 closed its connection.
1758583543: Client esp32-002-web-mfvo4vj6-d52389 closed its connection.
1758583545: Client esp32-002-web-mfvo4vj6-d52389 closed its connection.
1758583547: Client esp32-002-web-mfvo4vj6-d52389 closed its connection.
1758583549: Client esp32-002-web-mfvo4vj6-d52389 closed its connection.
1758583551: Client esp32-002-web-mfvo4vj6-d52389 closed its connection.
1758583553: Client esp32-002-web-mfvo4vj6-d52389 closed its connection.
1758583555: Client esp32-002-web-mfvo4vj6-d52389 closed its connection.
1758583557: Client esp32-002-web-mfvo4vj6-d52389 closed its connection.
1758583559: Client esp32-002-web-mfvo4vj6-d52389 closed its connection.
1758583561: Client esp32-002-web-mfvo4vj6-d52389 closed its connection.
1758583563: Client esp32-001-web-mfvnpy0a-57b61d closed its connection.
1758583563: Client esp32-002-web-mfvo4vj6-d52389 closed its connection.
1758583565: Client esp32-002-web-mfvo4vj6-d52389 closed its connection.
1758583567: Client esp32-002-web-mfvo4vj6-d52389 closed its connection.
1758583569: Client esp32-002-web-mfvo4vj6-d52389 closed its connection.
1758583571: Client esp32-002-web-mfvo4vj6-d52389 closed its connection.
1758583573: Client esp32-002-web-mfvo4vj6-d52389 closed its connection.
1758583575: Client esp32-002-web-mfvo4vj6-d52389 closed its connection.
1758583577: Client esp32-002-web-mfvo4vj6-d52389 closed its connection.
1758583579: Client esp32-002-web-mfvo4vj6-d52389 closed its connection.
1758583581: Client esp32-002-web-mfvo4vj6-d52389 closed its connection.
1758583583: Client esp32-002-web-mfvo4vj6-d52389 closed its connection.
1758583585: Client esp32-002-web-mfvo4vj6-d52389 closed its connection.
1758583587: Client esp32-002-web-mfvo4vj6-d52389 closed its connection.
1758583589: Client esp32-002-web-mfvo4vj6-d52389 closed its connection.
1758583591: Client esp32-002-web-mfvo4vj6-d52389 closed its connection.
1758583593: Client esp32-002-web-mfvo4vj6-d52389 closed its connection.
1758583595: Client esp32-002-web-mfvo4vj6-d52389 closed its connection.
1758583597: Client esp32-002-web-mfvo4vj6-d52389 closed its connection.
1758583599: Client esp32-002-web-mfvo4vj6-d52389 closed its connection.
1758583601: Client esp32-002-web-mfvo4vj6-d52389 closed its connection.
1758583603: Client esp32-002-web-mfvo4vj6-d52389 closed its connection.
1758583605: Client esp32-002-web-mfvo4vj6-d52389 closed its connection.
1758583607: Client esp32-002-web-mfvo4vj6-d52389 closed its connection.
1758583609: Client esp32-002-web-mfvo4vj6-d52389 closed its connection.
1758583611: Client esp32-002-web-mfvo4vj6-d52389 closed its connection.
1758583613: Client esp32-002-web-mfvo4vj6-d52389 closed its connection.
1758583615: Client esp32-002-web-mfvo4vj6-d52389 closed its connection.
1758583617: Client esp32-002-web-mfvo4vj6-d52389 closed its connection.
1758583619: Client esp32-002-web-mfvo4vj6-d52389 closed its connection.
1758583621: Client esp32-002-web-mfvo4vj6-d52389 closed its connection.
1758583624: Client esp32-002-web-mfvo4vj6-d52389 closed its connection.
1758583625: Client esp32-002-web-mfvo4vj6-d52389 closed its connection.
1758583627: Client esp32-002-web-mfvo4vj6-d52389 closed its connection.
1758583629: Client esp32-002-web-mfvo4vj6-d52389 closed its connection.
1758583631: Client esp32-002-web-mfvo4vj6-d52389 closed its connection.
1758583633: Client esp32-002-web-mfvo4vj6-d52389 closed its connection.
1758583635: Client esp32-002-web-mfvo4vj6-d52389 closed its connection.
1758583637: Client esp32-002-web-mfvo4vj6-d52389 closed its connection.
1758583639: Client esp32-002-web-mfvo4vj6-d52389 closed its connection.
1758583641: Client esp32-002-web-mfvo4vj6-d52389 closed its connection.
1758583643: Client esp32-002-web-mfvo4vj6-d52389 closed its connection.
1758583645: Client esp32-002-web-mfvo4vj6-d52389 closed its connection.
1758583647: Client esp32-002-web-mfvo4vj6-d52389 closed its connection.
1758583649: Client esp32-002-web-mfvo4vj6-d52389 closed its connection.
1758583651: Client esp32-002-web-mfvo4vj6-d52389 closed its connection.
1758583653: Client esp32-002-web-mfvo4vj6-d52389 closed its connection.
1758583655: Client esp32-002-web-mfvo4vj6-d52389 closed its connection.
1758583657: Client esp32-002-web-mfvo4vj6-d52389 closed its connection.
1758583659: Client esp32-002-web-mfvo4vj6-d52389 closed its connection.
1758583661: Client esp32-002-web-mfvo4vj6-d52389 closed its connection.
1758583663: Client esp32-002-web-mfvo4vj6-d52389 closed its connection.
1758583665: Client esp32-002-web-mfvo4vj6-d52389 closed its connection.
1758583667: Client esp32-002-web-mfvo4vj6-d52389 closed its connection.
1758583669: Client esp32-002-web-mfvo4vj6-d52389 closed its connection.
1758583671: Client esp32-002-web-mfvo4vj6-d52389 closed its connection.
1758583673: Client esp32-002-web-mfvo4vj6-d52389 closed its connection.
1758583675: Client esp32-002-web-mfvo4vj6-d52389 closed its connection.
1758583677: Client esp32-002-web-mfvo4vj6-d52389 closed its connection.
1758583679: Client esp32-002-web-mfvo4vj6-d52389 closed its connection.
1758583681: Client esp32-002-web-mfvo4vj6-d52389 closed its connection.
1758583683: Client esp32-001-web-mfvnpy0a-57b61d closed its connection.
1758583683: Client esp32-002-web-mfvo4vj6-d52389 closed its connection.
1758583685: Client esp32-002-web-mfvo4vj6-d52389 closed its connection.
1758583687: Client esp32-002-web-mfvo4vj6-d52389 closed its connection.
1758583689: Client esp32-002-web-mfvo4vj6-d52389 closed its connection.
1758583691: Client esp32-002-web-mfvo4vj6-d52389 closed its connection.
1758583693: Client esp32-002-web-mfvo4vj6-d52389 closed its connection.
1758583695: Client esp32-002-web-mfvo4vj6-d52389 closed its connection.
1758583697: Client esp32-002-web-mfvo4vj6-d52389 closed its connection.
1758583699: Client esp32-002-web-mfvo4vj6-d52389 closed its connection.
1758583701: Client esp32-002-web-mfvo4vj6-d52389 closed its connection.
1758583703: Client esp32-002-web-mfvo4vj6-d52389 closed its connection.
1758583705: Client esp32-002-web-mfvo4vj6-d52389 closed its connection.
1758583707: Client esp32-002-web-mfvo4vj6-d52389 closed its connection.
1758583709: Client esp32-002-web-mfvo4vj6-d52389 closed its connection.
1758583711: Client esp32-002-web-mfvo4vj6-d52389 closed its connection.
1758583713: Client esp32-002-web-mfvo4vj6-d52389 closed its connection.
1758583715: Client esp32-002-web-mfvo4vj6-d52389 closed its connection.
1758583717: Client esp32-002-web-mfvo4vj6-d52389 closed its connection.
1758583719: Client esp32-002-web-mfvo4vj6-d52389 closed its connection.
1758583721: Client esp32-002-web-mfvo4vj6-d52389 closed its connection.
1758583723: Client esp32-002-web-mfvo4vj6-d52389 closed its connection.
1758583725: Client esp32-002-web-mfvo4vj6-d52389 closed its connection.
1758583727: Client esp32-002-web-mfvo4vj6-d52389 closed its connection.
1758583729: Client esp32-002-web-mfvo4vj6-d52389 closed its connection.
1758583731: Client esp32-002-web-mfvo4vj6-d52389 closed its connection.
1758583733: Client esp32-002-web-mfvo4vj6-d52389 closed its connection.
1758583735: Client esp32-002-web-mfvo4vj6-d52389 closed its connection.
1758583737: Client esp32-002-web-mfvo4vj6-d52389 closed its connection.
1758583739: Client esp32-002-web-mfvo4vj6-d52389 closed its connection.
1758583741: Client esp32-002-web-mfvo4vj6-d52389 closed its connection.
1758583744: Client esp32-002-web-mfvo4vj6-d52389 closed its connection.
1758583745: Client esp32-002-web-mfvo4vj6-d52389 closed its connection.
1758583747: Client esp32-002-web-mfvo4vj6-d52389 closed its connection.
1758583749: Client esp32-002-web-mfvo4vj6-d52389 closed its connection.
1758583751: Client esp32-002-web-mfvo4vj6-d52389 closed its connection.
1758583753: Client esp32-002-web-mfvo4vj6-d52389 closed its connection.
1758583755: Client esp32-002-web-mfvo4vj6-d52389 closed its connection.
1758583757: Client esp32-002-web-mfvo4vj6-d52389 closed its connection.
1758583759: Client esp32-002-web-mfvo4vj6-d52389 closed its connection.
1758583761: Client esp32-002-web-mfvo4vj6-d52389 closed its connection.
1758583763: Client esp32-002-web-mfvo4vj6-d52389 closed its connection.
1758583765: Client esp32-002-web-mfvo4vj6-d52389 closed its connection.
1758583767: Client esp32-002-web-mfvo4vj6-d52389 closed its connection.
1758583769: Client esp32-002-web-mfvo4vj6-d52389 closed its connection.
1758583771: Client esp32-002-web-mfvo4vj6-d52389 closed its connection.
1758583773: Client esp32-002-web-mfvo4vj6-d52389 closed its connection.
1758583775: Client esp32-002-web-mfvo4vj6-d52389 closed its connection.
1758583777: Client esp32-002-web-mfvo4vj6-d52389 closed its connection.
1758583779: Client esp32-002-web-mfvo4vj6-d52389 closed its connection.
1758583781: Client esp32-002-web-mfvo4vj6-d52389 closed its connection.
1758583783: Client esp32-002-web-mfvo4vj6-d52389 closed its connection.
1758583785: Client esp32-002-web-mfvo4vj6-d52389 closed its connection.
1758583787: Client esp32-002-web-mfvo4vj6-d52389 closed its connection.
1758583789: Client esp32-002-web-mfvo4vj6-d52389 closed its connection.
1758583791: Client esp32-002-web-mfvo4vj6-d52389 closed its connection.
1758583793: Client esp32-002-web-mfvo4vj6-d52389 closed its connection.
1758583795: Client esp32-002-web-mfvo4vj6-d52389 closed its connection.
1758583797: Client esp32-002-web-mfvo4vj6-d52389 closed its connection.
1758583799: Client esp32-002-web-mfvo4vj6-d52389 closed its connection.
1758583801: Client esp32-002-web-mfvo4vj6-d52389 closed its connection.
1758583803: Client esp32-001-web-mfvnpy0a-57b61d closed its connection.
1758583803: Client esp32-002-web-mfvo4vj6-d52389 closed its connection.
1758583805: Client esp32-002-web-mfvo4vj6-d52389 closed its connection.
1758583807: Client esp32-002-web-mfvo4vj6-d52389 closed its connection.
1758583809: Client esp32-002-web-mfvo4vj6-d52389 closed its connection.
1758583811: Client esp32-002-web-mfvo4vj6-d52389 closed its connection.
1758583813: Client esp32-002-web-mfvo4vj6-d52389 closed its connection.
1758583815: Client esp32-002-web-mfvo4vj6-d52389 closed its connection.
1758583817: Client esp32-002-web-mfvo4vj6-d52389 closed its connection.
1758583819: Client esp32-002-web-mfvo4vj6-d52389 closed its connection.
1758583821: Client esp32-002-web-mfvo4vj6-d52389 closed its connection.
1758583823: Client esp32-002-web-mfvo4vj6-d52389 closed its connection.
1758583825: Client esp32-002-web-mfvo4vj6-d52389 closed its connection.
1758583827: Client esp32-002-web-mfvo4vj6-d52389 closed its connection.
1758583829: Client esp32-002-web-mfvo4vj6-d52389 closed its connection.
1758583831: Client esp32-002-web-mfvo4vj6-d52389 closed its connection.
1758583833: Client esp32-002-web-mfvo4vj6-d52389 closed its connection.
1758583835: Client esp32-002-web-mfvo4vj6-d52389 closed its connection.
1758583837: Client esp32-002-web-mfvo4vj6-d52389 closed its connection.
1758583839: Client esp32-002-web-mfvo4vj6-d52389 closed its connection.
1758583841: Client esp32-002-web-mfvo4vj6-d52389 closed its connection.
1758583843: Client esp32-002-web-mfvo4vj6-d52389 closed its connection.
1758583845: Client esp32-002-web-mfvo4vj6-d52389 closed its connection.
1758583847: Client esp32-002-web-mfvo4vj6-d52389 closed its connection.
1758583849: Client esp32-002-web-mfvo4vj6-d52389 closed its connection.
1758583851: Client esp32-002-web-mfvo4vj6-d52389 closed its connection.
1758583853: Client esp32-002-web-mfvo4vj6-d52389 closed its connection.
1758583855: Client esp32-002-web-mfvo4vj6-d52389 closed its connection.
1758583857: Client esp32-002-web-mfvo4vj6-d52389 closed its connection.
1758583859: Client esp32-002-web-mfvo4vj6-d52389 closed its connection.
1758583861: Client esp32-002-web-mfvo4vj6-d52389 closed its connection.
1758583864: Client esp32-002-web-mfvo4vj6-d52389 closed its connection.
1758583865: Client esp32-002-web-mfvo4vj6-d52389 closed its connection.
1758583867: Client esp32-002-web-mfvo4vj6-d52389 closed its connection.
1758583869: Client esp32-002-web-mfvo4vj6-d52389 closed its connection.
1758583871: Client esp32-002-web-mfvo4vj6-d52389 closed its connection.
1758583873: Client esp32-002-web-mfvo4vj6-d52389 closed its connection.
1758583875: Client esp32-002-web-mfvo4vj6-d52389 closed its connection.
1758583877: Client esp32-002-web-mfvo4vj6-d52389 closed its connection.
1758583879: Client esp32-002-web-mfvo4vj6-d52389 closed its connection.
1758583881: Client esp32-002-web-mfvo4vj6-d52389 closed its connection.
1758583883: Client esp32-002-web-mfvo4vj6-d52389 closed its connection.
1758583885: Client esp32-002-web-mfvo4vj6-d52389 closed its connection.
1758583887: Client esp32-002-web-mfvo4vj6-d52389 closed its connection.
1758583889: Client esp32-002-web-mfvo4vj6-d52389 closed its connection.
1758583891: Client esp32-002-web-mfvo4vj6-d52389 closed its connection.
1758583893: Client esp32-002-web-mfvo4vj6-d52389 closed its connection.
1758583895: Client esp32-002-web-mfvo4vj6-d52389 closed its connection.
1758583897: Client esp32-002-web-mfvo4vj6-d52389 closed its connection.
1758583899: Client esp32-002-web-mfvo4vj6-d52389 closed its connection.
1758583901: Client esp32-002-web-mfvo4vj6-d52389 closed its connection.
1758583903: Client esp32-002-web-mfvo4vj6-d52389 closed its connection.
1758583905: Client esp32-002-web-mfvo4vj6-d52389 closed its connection.
1758583907: Client esp32-002-web-mfvo4vj6-d52389 closed its connection.
1758583909: Client esp32-002-web-mfvo4vj6-d52389 closed its connection.
1758583911: Client esp32-002-web-mfvo4vj6-d52389 closed its connection.
1758583913: Client esp32-002-web-mfvo4vj6-d52389 closed its connection.
1758583915: Client esp32-002-web-mfvo4vj6-d52389 closed its connection.
1758583917: Client esp32-002-web-mfvo4vj6-d52389 closed its connection.
1758583919: Client esp32-002-web-mfvo4vj6-d52389 closed its connection.
1758583921: Client esp32-002-web-mfvo4vj6-d52389 closed its connection.
1758583923: Client esp32-001-web-mfvnpy0a-57b61d closed its connection.
1758583923: Client esp32-002-web-mfvo4vj6-d52389 closed its connection.
1758583925: Client esp32-002-web-mfvo4vj6-d52389 closed its connection.
1758583927: Client esp32-002-web-mfvo4vj6-d52389 closed its connection.
1758583929: Client esp32-002-web-mfvo4vj6-d52389 closed its connection.
1758583931: Client esp32-002-web-mfvo4vj6-d52389 closed its connection.
1758583933: Client esp32-002-web-mfvo4vj6-d52389 closed its connection.
1758583935: Client esp32-002-web-mfvo4vj6-d52389 closed its connection.
1758583937: Client esp32-002-web-mfvo4vj6-d52389 closed its connection.
1758583939: Client esp32-002-web-mfvo4vj6-d52389 closed its connection.
1758583941: Client esp32-002-web-mfvo4vj6-d52389 closed its connection.
1758583943: Client esp32-002-web-mfvo4vj6-d52389 closed its connection.
1758583945: Client esp32-002-web-mfvo4vj6-d52389 closed its connection.
1758583947: Client esp32-002-web-mfvo4vj6-d52389 closed its connection.
1758583949: Client esp32-002-web-mfvo4vj6-d52389 closed its connection.
1758583951: Client esp32-002-web-mfvo4vj6-d52389 closed its connection.
1758583953: Client esp32-002-web-mfvo4vj6-d52389 closed its connection.
1758583955: Client esp32-002-web-mfvo4vj6-d52389 closed its connection.
1758583957: Client esp32-002-web-mfvo4vj6-d52389 closed its connection.
1758583959: Client esp32-002-web-mfvo4vj6-d52389 closed its connection.
1758583961: Client esp32-002-web-mfvo4vj6-d52389 closed its connection.
1758583963: Client esp32-002-web-mfvo4vj6-d52389 closed its connection.
1758583965: Client esp32-002-web-mfvo4vj6-d52389 closed its connection.
1758583967: Client esp32-002-web-mfvo4vj6-d52389 closed its connection.
1758583969: Client esp32-002-web-mfvo4vj6-d52389 closed its connection.
1758583971: Client esp32-002-web-mfvo4vj6-d52389 closed its connection.
1758583973: Client esp32-002-web-mfvo4vj6-d52389 closed its connection.
1758583975: Client esp32-002-web-mfvo4vj6-d52389 closed its connection.
1758583977: Client esp32-002-web-mfvo4vj6-d52389 closed its connection.
1758583979: Client esp32-002-web-mfvo4vj6-d52389 closed its connection.
1758583981: Client esp32-002-web-mfvo4vj6-d52389 closed its connection.
1758583984: Client esp32-002-web-mfvo4vj6-d52389 closed its connection.
1758583985: Client esp32-002-web-mfvo4vj6-d52389 closed its connection.
1758583987: Client esp32-002-web-mfvo4vj6-d52389 closed its connection.
1758583989: Client esp32-002-web-mfvo4vj6-d52389 closed its connection.
1758583991: Client esp32-002-web-mfvo4vj6-d52389 closed its connection.
1758583993: Client esp32-002-web-mfvo4vj6-d52389 closed its connection.
1758583995: Client esp32-002-web-mfvo4vj6-d52389 closed its connection.
1758583997: Client esp32-002-web-mfvo4vj6-d52389 closed its connection.
1758583999: Client esp32-002-web-mfvo4vj6-d52389 closed its connection.
1758584001: Client esp32-002-web-mfvo4vj6-d52389 closed its connection.
1758584003: Client esp32-002-web-mfvo4vj6-d52389 closed its connection.
1758584005: Client esp32-002-web-mfvo4vj6-d52389 closed its connection.
1758584007: Client esp32-002-web-mfvo4vj6-d52389 closed its connection.
1758584009: Client esp32-002-web-mfvo4vj6-d52389 closed its connection.
1758584011: Client esp32-002-web-mfvo4vj6-d52389 closed its connection.
1758584013: Client esp32-002-web-mfvo4vj6-d52389 closed its connection.
1758584015: Client esp32-002-web-mfvo4vj6-d52389 closed its connection.
1758584017: Client esp32-002-web-mfvo4vj6-d52389 closed its connection.
1758584019: Client esp32-002-web-mfvo4vj6-d52389 closed its connection.
1758584021: Client esp32-002-web-mfvo4vj6-d52389 closed its connection.
1758584023: Client esp32-002-web-mfvo4vj6-d52389 closed its connection.
1758584025: Client esp32-002-web-mfvo4vj6-d52389 closed its connection.
1758584027: Client esp32-002-web-mfvo4vj6-d52389 closed its connection.
1758584029: Client esp32-002-web-mfvo4vj6-d52389 closed its connection.
1758584031: Client esp32-002-web-mfvo4vj6-d52389 closed its connection.
1758584033: Client esp32-002-web-mfvo4vj6-d52389 closed its connection.
1758584035: Client esp32-002-web-mfvo4vj6-d52389 closed its connection.
1758584037: Client esp32-002-web-mfvo4vj6-d52389 closed its connection.
1758584039: Client esp32-002-web-mfvo4vj6-d52389 closed its connection.
1758584041: Client esp32-002-web-mfvo4vj6-d52389 closed its connection.
1758584043: Client esp32-001-web-mfvnpy0a-57b61d closed its connection.
1758584043: Client esp32-002-web-mfvo4vj6-d52389 closed its connection.
1758584045: Client esp32-002-web-mfvo4vj6-d52389 closed its connection.
1758584047: Client esp32-002-web-mfvo4vj6-d52389 closed its connection.
1758584049: Client esp32-002-web-mfvo4vj6-d52389 closed its connection.
1758584051: Client esp32-002-web-mfvo4vj6-d52389 closed its connection.
1758584053: Client esp32-002-web-mfvo4vj6-d52389 closed its connection.
1758584055: Client esp32-002-web-mfvo4vj6-d52389 closed its connection.
1758584057: Client esp32-002-web-mfvo4vj6-d52389 closed its connection.
1758584059: Client esp32-002-web-mfvo4vj6-d52389 closed its connection.
1758584061: Client esp32-002-web-mfvo4vj6-d52389 closed its connection.
1758584063: Client esp32-002-web-mfvo4vj6-d52389 closed its connection.
1758584065: Client esp32-002-web-mfvo4vj6-d52389 closed its connection.
1758584067: Client esp32-002-web-mfvo4vj6-d52389 closed its connection.
1758584069: Client esp32-002-web-mfvo4vj6-d52389 closed its connection.
1758584071: Client esp32-002-web-mfvo4vj6-d52389 closed its connection.
1758584073: Client esp32-002-web-mfvo4vj6-d52389 closed its connection.
1758584075: Client esp32-002-web-mfvo4vj6-d52389 closed its connection.
1758584077: Client esp32-002-web-mfvo4vj6-d52389 closed its connection.
1758584079: Client esp32-002-web-mfvo4vj6-d52389 closed its connection.
1758584081: Client esp32-002-web-mfvo4vj6-d52389 closed its connection.
1758584083: Client esp32-002-web-mfvo4vj6-d52389 closed its connection.
1758584085: Client esp32-002-web-mfvo4vj6-d52389 closed its connection.
1758584087: Client esp32-002-web-mfvo4vj6-d52389 closed its connection.
1758584089: Client esp32-002-web-mfvo4vj6-d52389 closed its connection.
1758584091: Client esp32-002-web-mfvo4vj6-d52389 closed its connection.
1758584093: Client esp32-002-web-mfvo4vj6-d52389 closed its connection.
1758584095: Client esp32-002-web-mfvo4vj6-d52389 closed its connection.
1758584097: Client esp32-002-web-mfvo4vj6-d52389 closed its connection.
1758584099: Client esp32-002-web-mfvo4vj6-d52389 closed its connection.
1758584101: Client esp32-002-web-mfvo4vj6-d52389 closed its connection.
1758584104: Client esp32-002-web-mfvo4vj6-d52389 closed its connection.
1758584105: mosquitto version 2.0.22 terminating
1758584105: Saving in-memory database to /mosquitto/data//mosquitto.db.
1758584105: Client <unknown> closed its connection.
1758584115: mosquitto version 2.0.22 starting
1758584115: Config loaded from /mosquitto/config/mosquitto.conf.
1758584115: Warning: File /mosquitto/config/passwd has world readable permissions. Future versions will refuse to load this file.
To fix this, use `chmod 0700 /mosquitto/config/passwd`.
1758584115: Opening ipv4 listen socket on port 1883.
1758584115: Opening websockets listen socket on port 9001.
1758584115: mosquitto version 2.0.22 running
1758584115: New client connected from 172.19.0.1:52416 as esp32-002-web-mfvo4vj6-d52389 (p2, c1, k60, u'aluno').
1758584283: New client connected from 172.19.0.1:50426 as esp32-001-web-mfvnpy0a-57b61d (p2, c1, k60, u'aluno').
1758584343: Client esp32-001-web-mfvnpy0a-57b61d closed its connection.
1758584403: New client connected from 172.19.0.1:33794 as esp32-001-web-mfvnpy0a-57b61d (p2, c1, k60, u'aluno').
1758584463: Client esp32-001-web-mfvnpy0a-57b61d closed its connection.
1758584523: New client connected from 172.19.0.1:49218 as esp32-001-web-mfvnpy0a-57b61d (p2, c1, k60, u'aluno').
1758584583: Client esp32-001-web-mfvnpy0a-57b61d closed its connection.
1758584643: New client connected from 172.19.0.1:44298 as esp32-001-web-mfvnpy0a-57b61d (p2, c1, k60, u'aluno').
1758584703: Client esp32-001-web-mfvnpy0a-57b61d closed its connection.
1758584763: New client connected from 172.19.0.1:42886 as esp32-001-web-mfvnpy0a-57b61d (p2, c1, k60, u'aluno').
1758584823: Client esp32-001-web-mfvnpy0a-57b61d closed its connection.
1758584883: New client connected from 172.19.0.1:38912 as esp32-001-web-mfvnpy0a-57b61d (p2, c1, k60, u'aluno').
1758584943: Client esp32-001-web-mfvnpy0a-57b61d closed its connection.
1758585003: New client connected from 172.19.0.1:59744 as esp32-001-web-mfvnpy0a-57b61d (p2, c1, k60, u'aluno').
1758585063: Client esp32-001-web-mfvnpy0a-57b61d closed its connection.
1758585123: New client connected from 172.19.0.1:49124 as esp32-001-web-mfvnpy0a-57b61d (p2, c1, k60, u'aluno').
1758585183: Client esp32-001-web-mfvnpy0a-57b61d closed its connection.
1758585243: New client connected from 172.19.0.1:40376 as esp32-001-web-mfvnpy0a-57b61d (p2, c1, k60, u'aluno').
1758585247: New connection from 172.19.0.4:54940 on port 1883.
1758585247: New client connected from 172.19.0.4:54940 as nodered437be92eeb906f08 (p2, c1, k60, u'aluno').
1758585303: Client esp32-001-web-mfvnpy0a-57b61d closed its connection.
1758585363: New client connected from 172.19.0.1:52980 as esp32-001-web-mfvnpy0a-57b61d (p2, c1, k60, u'aluno').
1758585423: Client esp32-001-web-mfvnpy0a-57b61d closed its connection.
1758585483: New client connected from 172.19.0.1:43688 as esp32-001-web-mfvnpy0a-57b61d (p2, c1, k60, u'aluno').
1758585543: Client esp32-001-web-mfvnpy0a-57b61d closed its connection.
1758585603: New client connected from 172.19.0.1:43116 as esp32-001-web-mfvnpy0a-57b61d (p2, c1, k60, u'aluno').
1758585644: Client esp32-001-web-mfvnpy0a-57b61d closed its connection.
1758585644: Client esp32-002-web-mfvo4vj6-d52389 closed its connection.
1758585650: Client nodered437be92eeb906f08 disconnected.
1758585650: New connection from 172.19.0.4:50670 on port 1883.
1758585650: New client connected from 172.19.0.4:50670 as nodered6517f2ec84d3a3bb (p2, c1, k60, u'aluno').
1758585700: New client connected from 172.19.0.1:38170 as pub-9a30c94798abc8 (p2, c1, k60, u'aluno').
1758585753: Client pub-9a30c94798abc8 closed its connection.
1758585756: New client connected from 172.19.0.1:37578 as pub-fdcafcc051c928 (p2, c1, k60, u'aluno').
1758585916: Saving in-memory database to /mosquitto/data//mosquitto.db.
1758586526: Client nodered6517f2ec84d3a3bb disconnected.
1758586526: New connection from 172.19.0.4:37534 on port 1883.
1758586526: New client connected from 172.19.0.4:37534 as noderedf0f8acfa752c5fae (p2, c1, k60, u'aluno').
1758587716: Saving in-memory database to /mosquitto/data//mosquitto.db.
1758587939: New client connected from 172.19.0.1:58092 as esp32-001-web-mfvtuq2m-05c8a7 (p2, c1, k60, u'aluno').
1758588221: New client connected from 172.19.0.1:51452 as sub-2bfd100c5163a8 (p2, c1, k60, u'aluno').
1758588248: New client connected from 172.19.0.1:50304 as sub-192020b03c31c (p2, c1, k60, u'aluno').
1758588504: Client esp32-001-web-mfvtuq2m-05c8a7 closed its connection.
1758588550: Client pub-fdcafcc051c928 closed its connection.
1758588574: Client noderedf0f8acfa752c5fae disconnected.
1758588575: mosquitto version 2.0.22 terminating
1758588575: Saving in-memory database to /mosquitto/data//mosquitto.db.
1758588575: Client sub-192020b03c31c closed its connection.
1758588575: Client sub-2bfd100c5163a8 closed its connection.
1758664610: mosquitto version 2.0.22 starting
1758664610: Config loaded from /mosquitto/config/mosquitto.conf.
1758664610: Warning: File /mosquitto/config/passwd has world readable permissions. Future versions will refuse to load this file.
To fix this, use `chmod 0700 /mosquitto/config/passwd`.
1758664610: Opening ipv4 listen socket on port 1883.
1758664610: Opening websockets listen socket on port 9001.
1758664610: mosquitto version 2.0.22 running
1758664615: New connection from 172.19.0.4:48932 on port 1883.
1758664615: New client connected from 172.19.0.4:48932 as nodered68cdf1513ab9f2be (p2, c1, k60, u'aluno').
1758666410: Saving in-memory database to /mosquitto/data//mosquitto.db.
1758666564: Client nodered68cdf1513ab9f2be disconnected.
1758666564: New connection from 172.19.0.4:58204 on port 1883.
1758666564: New client connected from 172.19.0.4:58204 as nodered48e26c20865dac7a (p2, c1, k60, u'aluno').
1758666574: New client connected from 172.19.0.1:39248 as esp32-001-web-mfx4o5ky-8a1fc4 (p2, c1, k60, u'aluno').
1758666664: Client esp32-001-web-mfx4o5ky-8a1fc4 closed its connection.
1758666682: New client connected from 172.19.0.1:60216 as esp32-002-web-mfx4qgyy-92dbcd (p2, c1, k60, u'aluno').
1758668211: Saving in-memory database to /mosquitto/data//mosquitto.db.
1758668420: Client nodered48e26c20865dac7a disconnected.
1758668420: New connection from 172.19.0.4:60210 on port 1883.
1758668420: New client connected from 172.19.0.4:60210 as noderedffab45e28d40707a (p2, c1, k60, u'aluno').
1758668561: Client noderedffab45e28d40707a disconnected.
1758668561: New connection from 172.19.0.4:53626 on port 1883.
1758668561: New client connected from 172.19.0.4:53626 as nodered17af3f092956e909 (p2, c1, k60, u'aluno').
1758668631: Client nodered17af3f092956e909 disconnected.
1758668631: New connection from 172.19.0.4:53746 on port 1883.
1758668631: New client connected from 172.19.0.4:53746 as nodered6499ab5867611ecc (p2, c1, k60, u'aluno').
1758668692: Client esp32-002-web-mfx4qgyy-92dbcd closed its connection.
1758668701: New client connected from 172.19.0.1:58024 as esp32-003-web-mfx5xqsu-c97e6d (p2, c1, k60, u'aluno').
1758668727: Client esp32-003-web-mfx5xqsu-c97e6d closed its connection.
1758668750: New client connected from 172.19.0.1:49464 as esp32-001-web-mfx5ysra-357e10 (p2, c1, k60, u'aluno').
1758669000: Client nodered6499ab5867611ecc disconnected.
1758669000: New connection from 172.19.0.4:42694 on port 1883.
1758669000: New client connected from 172.19.0.4:42694 as nodereda45bfa511160b654 (p2, c1, k60, u'aluno').
1758670012: Saving in-memory database to /mosquitto/data//mosquitto.db.
1758670702: Client nodereda45bfa511160b654 disconnected.
1758670702: New connection from 172.19.0.4:39656 on port 1883.
1758670702: New client connected from 172.19.0.4:39656 as noderedc594fe4f813bc0eb (p2, c1, k60, u'aluno').
1758670709: Client esp32-001-web-mfx5ysra-357e10 closed its connection.
1758670710: New client connected from 172.19.0.1:42640 as esp32-001-web-mfx74t5q-a15bbf (p2, c1, k60, u'aluno').
1758670956: Client esp32-001-web-mfx74t5q-a15bbf closed its connection.
1758670956: New client connected from 172.19.0.1:44176 as esp32-001-web-mfx7a2yn-3a26aa (p2, c1, k60, u'aluno').
1758671058: Client esp32-001-web-mfx7a2yn-3a26aa closed its connection.
1758671059: New client connected from 172.19.0.1:57378 as esp32-001-web-mfx7ca9q-179586 (p2, c1, k60, u'aluno').
1758671275: Client esp32-001-web-mfx7ca9q-179586 closed its connection.
1758671278: New client connected from 172.19.0.1:59494 as esp32-001-web-mfx7gyw6-2d6657 (p2, c1, k60, u'aluno').
1758671813: Saving in-memory database to /mosquitto/data//mosquitto.db.
1758673594: Client noderedc594fe4f813bc0eb disconnected.
1758673594: New connection from 172.19.0.4:56226 on port 1883.
1758673594: New client connected from 172.19.0.4:56226 as nodereddc3d076bb1c4dcb9 (p2, c1, k60, u'aluno').
1758673614: Saving in-memory database to /mosquitto/data//mosquitto.db.
1758673688: Client nodereddc3d076bb1c4dcb9 disconnected.
1758673688: New connection from 172.19.0.4:36344 on port 1883.
1758673688: New client connected from 172.19.0.4:36344 as nodered5075d0822519fccd (p2, c1, k60, u'aluno').
1758673731: Client esp32-001-web-mfx7gyw6-2d6657 closed its connection.
1758673735: New client connected from 172.19.0.1:37864 as esp32-001-web-mfx8xmy2-20d7f4 (p2, c1, k60, u'aluno').
1758674169: Client nodered5075d0822519fccd disconnected.
1758674169: New connection from 172.19.0.4:38444 on port 1883.
1758674169: New client connected from 172.19.0.4:38444 as noderedd15c63178830f910 (p2, c1, k60, u'aluno').
1758674445: Client esp32-001-web-mfx8xmy2-20d7f4 closed its connection.
1758674594: New client connected from 172.19.0.1:49970 as esp32-001-web-mfx8xmy2-20d7f4 (p2, c1, k60, u'aluno').
1758674654: Client esp32-001-web-mfx8xmy2-20d7f4 closed its connection.
1758674714: New client connected from 172.19.0.1:38078 as esp32-001-web-mfx8xmy2-20d7f4 (p2, c1, k60, u'aluno').
1758674774: Client esp32-001-web-mfx8xmy2-20d7f4 closed its connection.
1758674834: New client connected from 172.19.0.1:48450 as esp32-001-web-mfx8xmy2-20d7f4 (p2, c1, k60, u'aluno').
1758674894: Client esp32-001-web-mfx8xmy2-20d7f4 closed its connection.
1758674954: New client connected from 172.19.0.1:41296 as esp32-001-web-mfx8xmy2-20d7f4 (p2, c1, k60, u'aluno').
1758675014: Client esp32-001-web-mfx8xmy2-20d7f4 closed its connection.
1758675074: New client connected from 172.19.0.1:50100 as esp32-001-web-mfx8xmy2-20d7f4 (p2, c1, k60, u'aluno').
1758675134: Client esp32-001-web-mfx8xmy2-20d7f4 closed its connection.
1758675195: New client connected from 172.19.0.1:40262 as esp32-001-web-mfx8xmy2-20d7f4 (p2, c1, k60, u'aluno').
1758675254: Client esp32-001-web-mfx8xmy2-20d7f4 closed its connection.
1758675314: New client connected from 172.19.0.1:36362 as esp32-001-web-mfx8xmy2-20d7f4 (p2, c1, k60, u'aluno').
1758675374: Client esp32-001-web-mfx8xmy2-20d7f4 closed its connection.
1758675415: Saving in-memory database to /mosquitto/data//mosquitto.db.
1758675434: New client connected from 172.19.0.1:40270 as esp32-001-web-mfx8xmy2-20d7f4 (p2, c1, k60, u'aluno').
1758675494: Client esp32-001-web-mfx8xmy2-20d7f4 closed its connection.
1758675554: New client connected from 172.19.0.1:56980 as esp32-001-web-mfx8xmy2-20d7f4 (p2, c1, k60, u'aluno').
1758675614: Client esp32-001-web-mfx8xmy2-20d7f4 closed its connection.
1758675674: New client connected from 172.19.0.1:56566 as esp32-001-web-mfx8xmy2-20d7f4 (p2, c1, k60, u'aluno').
1758675734: Client esp32-001-web-mfx8xmy2-20d7f4 closed its connection.
1758675788: Client noderedd15c63178830f910 disconnected.
1758675788: New connection from 172.19.0.4:60978 on port 1883.
1758675788: New client connected from 172.19.0.4:60978 as nodered204605d630de12b1 (p2, c1, k60, u'aluno').
1758675790: New client connected from 172.19.0.1:37520 as esp32-001-web-mfx8xmy2-20d7f4 (p2, c1, k60, u'aluno').
1758675790: Client esp32-001-web-mfx8xmy2-20d7f4 closed its connection.
1758675791: New client connected from 172.19.0.1:40032 as esp32-001-web-mfx8xmy2-20d7f4 (p2, c1, k60, u'aluno').
1758675831: Client esp32-001-web-mfx8xmy2-20d7f4 closed its connection.
1758752661: mosquitto version 2.0.22 starting
1758752661: Config loaded from /mosquitto/config/mosquitto.conf.
1758752661: Warning: File /mosquitto/config/passwd has world readable permissions. Future versions will refuse to load this file.
To fix this, use `chmod 0700 /mosquitto/config/passwd`.
1758752661: Opening ipv4 listen socket on port 1883.
1758752661: Opening websockets listen socket on port 9001.
1758752661: mosquitto version 2.0.22 running
1758752673: New connection from 172.19.0.2:52280 on port 1883.
1758752673: New client connected from 172.19.0.2:52280 as nodereda064415cd065baac (p2, c1, k60, u'aluno').
1758754045: Client nodereda064415cd065baac closed its connection.
1758754049: mosquitto version 2.0.22 terminating
1758754049: Saving in-memory database to /mosquitto/data//mosquitto.db.
1759183636: mosquitto version 2.0.22 starting
1759183636: Config loaded from /mosquitto/config/mosquitto.conf.
1759183636: Warning: File /mosquitto/config/passwd has world readable permissions. Future versions will refuse to load this file.
To fix this, use `chmod 0700 /mosquitto/config/passwd`.
1759183636: Opening ipv4 listen socket on port 1883.
1759183636: Opening websockets listen socket on port 9001.
1759183636: mosquitto version 2.0.22 running
1759183641: New connection from 172.18.0.4:60300 on port 1883.
1759183641: New client connected from 172.18.0.4:60300 as nodered18d974285b610661 (p2, c1, k60, u'aluno').
1759184111: New client connected from 172.18.0.1:48992 as esp32-001-web-mg5osro0-bf1689 (p2, c1, k60, u'aluno').
1759184575: Client esp32-001-web-mg5osro0-bf1689 closed its connection.
1759184724: New client connected from 172.18.0.1:48132 as esp32-001-web-mg5osro0-bf1689 (p2, c1, k60, u'aluno').
1759184784: Client esp32-001-web-mg5osro0-bf1689 closed its connection.
1759184844: New client connected from 172.18.0.1:48534 as esp32-001-web-mg5osro0-bf1689 (p2, c1, k60, u'aluno').
1759184885: Client esp32-001-web-mg5osro0-bf1689 closed its connection.
1759184885: New client connected from 172.18.0.1:55666 as esp32-001-web-mg5osro0-bf1689 (p2, c1, k60, u'aluno').
1759185437: Saving in-memory database to /mosquitto/data//mosquitto.db.
1759186103: Client esp32-001-web-mg5osro0-bf1689 closed its connection.
1759186111: Client nodered18d974285b610661 disconnected.
1759186111: New connection from 172.18.0.4:54796 on port 1883.
1759186111: New client connected from 172.18.0.4:54796 as nodered1a3e544348f9a515 (p2, c1, k60, u'aluno').
1759186206: New client connected from 172.18.0.1:35846 as esp32-001-web-mg5osro0-bf1689 (p2, c1, k60, u'aluno').
1759186206: Client esp32-001-web-mg5osro0-bf1689 closed its connection.
1759186207: New client connected from 172.18.0.1:36938 as esp32-001-web-mg5osro0-bf1689 (p2, c1, k60, u'aluno').
1759186209: Client esp32-001-web-mg5osro0-bf1689 closed its connection.
1759186210: New client connected from 172.18.0.1:36950 as esp32-001-web-mg5q1rgo-e2b2a6 (p2, c1, k60, u'aluno').
1759186247: Client nodered1a3e544348f9a515 disconnected.
1759186247: New connection from 172.18.0.4:34048 on port 1883.
1759186247: New client connected from 172.18.0.4:34048 as nodered8054af9f78fd84a6 (p2, c1, k60, u'aluno').
1759186251: Client esp32-001-web-mg5q1rgo-e2b2a6 closed its connection.
1759186252: New client connected from 172.18.0.1:36166 as esp32-001-web-mg5q2nu8-fe191d (p2, c1, k60, u'aluno').
1759186870: Client esp32-001-web-mg5q2nu8-fe191d closed its connection.
1759187004: New client connected from 172.18.0.1:51688 as esp32-001-web-mg5q2nu8-fe191d (p2, c1, k60, u'aluno').
1759187064: Client esp32-001-web-mg5q2nu8-fe191d closed its connection.
1759187124: New client connected from 172.18.0.1:39916 as esp32-001-web-mg5q2nu8-fe191d (p2, c1, k60, u'aluno').
1759187184: Client esp32-001-web-mg5q2nu8-fe191d closed its connection.
1759187237: Saving in-memory database to /mosquitto/data//mosquitto.db.
1759187244: New client connected from 172.18.0.1:34272 as esp32-001-web-mg5q2nu8-fe191d (p2, c1, k60, u'aluno').
1759187304: Client esp32-001-web-mg5q2nu8-fe191d closed its connection.
1759187364: New client connected from 172.18.0.1:57582 as esp32-001-web-mg5q2nu8-fe191d (p2, c1, k60, u'aluno').
1759187424: Client esp32-001-web-mg5q2nu8-fe191d closed its connection.
1759187484: New client connected from 172.18.0.1:42988 as esp32-001-web-mg5q2nu8-fe191d (p2, c1, k60, u'aluno').
1759187544: Client esp32-001-web-mg5q2nu8-fe191d closed its connection.
1759187605: New client connected from 172.18.0.1:59184 as esp32-001-web-mg5q2nu8-fe191d (p2, c1, k60, u'aluno').
1759187665: Client esp32-001-web-mg5q2nu8-fe191d closed its connection.
1759187725: New client connected from 172.18.0.1:38718 as esp32-001-web-mg5q2nu8-fe191d (p2, c1, k60, u'aluno').
1759187785: Client esp32-001-web-mg5q2nu8-fe191d closed its connection.
1759187845: New client connected from 172.18.0.1:55490 as esp32-001-web-mg5q2nu8-fe191d (p2, c1, k60, u'aluno').
1759187905: Client esp32-001-web-mg5q2nu8-fe191d closed its connection.
1759187965: New client connected from 172.18.0.1:52688 as esp32-001-web-mg5q2nu8-fe191d (p2, c1, k60, u'aluno').
1759188025: Client esp32-001-web-mg5q2nu8-fe191d closed its connection.
1759188085: New client connected from 172.18.0.1:36292 as esp32-001-web-mg5q2nu8-fe191d (p2, c1, k60, u'aluno').
1759188145: Client esp32-001-web-mg5q2nu8-fe191d closed its connection.
1759188205: New client connected from 172.18.0.1:46424 as esp32-001-web-mg5q2nu8-fe191d (p2, c1, k60, u'aluno').
1759188265: Client esp32-001-web-mg5q2nu8-fe191d closed its connection.
1759188286: New client connected from 172.18.0.1:47232 as esp32-001-web-mg5q2nu8-fe191d (p2, c1, k60, u'aluno').
1759188536: Client esp32-001-web-mg5q2nu8-fe191d closed its connection.
1759188685: New client connected from 172.18.0.1:35308 as esp32-001-web-mg5q2nu8-fe191d (p2, c1, k60, u'aluno').
1759188745: Client esp32-001-web-mg5q2nu8-fe191d closed its connection.
1759188805: New client connected from 172.18.0.1:35332 as esp32-001-web-mg5q2nu8-fe191d (p2, c1, k60, u'aluno').
1759188865: Client esp32-001-web-mg5q2nu8-fe191d closed its connection.
1759188925: New client connected from 172.18.0.1:34116 as esp32-001-web-mg5q2nu8-fe191d (p2, c1, k60, u'aluno').
1759188985: Client esp32-001-web-mg5q2nu8-fe191d closed its connection.
1759189027: Client nodered8054af9f78fd84a6 disconnected.
1759189027: New connection from 172.18.0.4:41970 on port 1883.
1759189027: New client connected from 172.18.0.4:41970 as noderedd0a0a32d3759c1de (p2, c1, k60, u'aluno').
1759189039: Saving in-memory database to /mosquitto/data//mosquitto.db.
1759189045: New client connected from 172.18.0.1:47190 as esp32-001-web-mg5q2nu8-fe191d (p2, c1, k60, u'aluno').
1759189082: Client esp32-001-web-mg5q2nu8-fe191d closed its connection.
1759189082: New client connected from 172.18.0.1:55230 as esp32-001-web-mg5q2nu8-fe191d (p2, c1, k60, u'aluno').
1759189109: New client connected from 172.18.0.1:41570 as esp32-002-web-mg5rrw83-dd38a1 (p2, c1, k60, u'aluno').
1759189116: New client connected from 172.18.0.1:58008 as esp32-003-web-mg5rs1xv-95488a (p2, c1, k60, u'aluno').
1759189213: Client esp32-002-web-mg5rrw83-dd38a1 closed its connection.
1759189213: Client esp32-003-web-mg5rs1xv-95488a closed its connection.
1759189291: Client noderedd0a0a32d3759c1de disconnected.
1759189291: New connection from 172.18.0.4:50274 on port 1883.
1759189291: New client connected from 172.18.0.4:50274 as noderede265b5b050bd8c68 (p2, c1, k60, u'aluno').
1759189300: Client esp32-001-web-mg5q2nu8-fe191d closed its connection.
1759189301: New client connected from 172.18.0.1:59194 as esp32-001-web-mg5rw08m-4665f2 (p2, c1, k60, u'aluno').
1759189471: Client esp32-001-web-mg5rw08m-4665f2 closed its connection.
1759189479: New client connected from 172.18.0.1:43782 as esp32-001-web-mg5rztdv-b32ea9 (p2, c1, k60, u'aluno').
1759190200: Client noderede265b5b050bd8c68 disconnected.
1759190200: New connection from 172.18.0.4:47874 on port 1883.
1759190200: New client connected from 172.18.0.4:47874 as noderedeac2edc29a110b2b (p2, c1, k60, u'aluno').
1759190365: Client noderedeac2edc29a110b2b disconnected.
1759190365: New connection from 172.18.0.4:48850 on port 1883.
1759190365: New client connected from 172.18.0.4:48850 as nodered30a83caf762f4bc7 (p2, c1, k60, u'aluno').
1759190840: Saving in-memory database to /mosquitto/data//mosquitto.db.
1759191073: Client nodered30a83caf762f4bc7 disconnected.
1759191073: New connection from 172.18.0.4:33756 on port 1883.
1759191073: New client connected from 172.18.0.4:33756 as noderedeab4037d73e0a9b3 (p2, c1, k60, u'aluno').
1759191084: Client noderedeab4037d73e0a9b3 disconnected.
1759191084: New connection from 172.18.0.4:41108 on port 1883.
1759191084: New client connected from 172.18.0.4:41108 as noderedfde94c70f54b708f (p2, c1, k60, u'aluno').
1759191095: Client esp32-001-web-mg5rztdv-b32ea9 closed its connection.
1759191096: New client connected from 172.18.0.1:48262 as esp32-001-web-mg5sygzj-c5d7ca (p2, c1, k60, u'aluno').
1759191198: Client noderedfde94c70f54b708f disconnected.
1759191198: New connection from 172.18.0.4:33258 on port 1883.
1759191198: New client connected from 172.18.0.4:33258 as nodereddb426cfd59506bac (p2, c1, k60, u'aluno').
1759191218: Client nodereddb426cfd59506bac disconnected.
1759191218: mosquitto version 2.0.22 terminating
1759191218: Saving in-memory database to /mosquitto/data//mosquitto.db.
1759191218: Client esp32-001-web-mg5sygzj-c5d7ca closed its connection.
1759191223: mosquitto version 2.0.22 starting
1759191223: Config loaded from /mosquitto/config/mosquitto.conf.
1759191223: Warning: File /mosquitto/config/passwd has world readable permissions. Future versions will refuse to load this file.
To fix this, use `chmod 0700 /mosquitto/config/passwd`.
1759191223: Opening ipv4 listen socket on port 1883.
1759191223: Opening websockets listen socket on port 9001.
1759191223: mosquitto version 2.0.22 running
1759191226: New connection from 172.18.0.4:37958 on port 1883.
1759191226: New client connected from 172.18.0.4:37958 as noderede6048ab1c8226c1a (p2, c1, k60, u'aluno').
1759191231: Client noderede6048ab1c8226c1a disconnected.
1759191231: New connection from 172.18.0.4:37970 on port 1883.
1759191231: New client connected from 172.18.0.4:37970 as nodered8f618aeea8b1539c (p2, c1, k60, u'aluno').
1759191271: Client nodered8f618aeea8b1539c disconnected.
1759191271: New connection from 172.18.0.4:41386 on port 1883.
1759191271: New client connected from 172.18.0.4:41386 as nodered132cb1a2267ea6a5 (p2, c1, k60, u'aluno').
1759191277: New client connected from 172.18.0.1:37600 as esp32-001-web-mg5sygzj-c5d7ca (p2, c1, k60, u'aluno').
1759191277: Client esp32-001-web-mg5sygzj-c5d7ca closed its connection.
1759191278: New client connected from 172.18.0.1:37612 as esp32-001-web-mg5t2dtb-f09d87 (p2, c1, k60, u'aluno').
1759191318: Client nodered132cb1a2267ea6a5 disconnected.
1759191318: New connection from 172.18.0.4:50036 on port 1883.
1759191318: New client connected from 172.18.0.4:50036 as noderedaedef54091a31848 (p2, c1, k60, u'aluno').
1759191323: Client esp32-001-web-mg5t2dtb-f09d87 closed its connection.
1759191325: New client connected from 172.18.0.1:43586 as esp32-001-web-mg5t3dyv-b88b5f (p2, c1, k60, u'aluno').
1759192273: Client esp32-001-web-mg5t3dyv-b88b5f closed its connection.
1759192405: New client connected from 172.18.0.1:38338 as esp32-001-web-mg5t3dyv-b88b5f (p2, c1, k60, u'aluno').
1759192465: Client esp32-001-web-mg5t3dyv-b88b5f closed its connection.
1759192495: Client noderedaedef54091a31848 disconnected.
1759192495: New connection from 172.18.0.4:48862 on port 1883.
1759192495: New client connected from 172.18.0.4:48862 as nodered4286ef99ca8dfb9b (p2, c1, k60, u'aluno').
1759192499: Client nodered4286ef99ca8dfb9b disconnected.
1759192499: New connection from 172.18.0.4:48874 on port 1883.
1759192499: New client connected from 172.18.0.4:48874 as nodereda13b80f2c8fe96de (p2, c1, k60, u'aluno').
1759192525: New client connected from 172.18.0.1:60744 as esp32-001-web-mg5t3dyv-b88b5f (p2, c1, k60, u'aluno').
1759192585: Client esp32-001-web-mg5t3dyv-b88b5f closed its connection.
1759192645: New client connected from 172.18.0.1:53216 as esp32-001-web-mg5t3dyv-b88b5f (p2, c1, k60, u'aluno').
1759192705: Client esp32-001-web-mg5t3dyv-b88b5f closed its connection.
1759192742: Client nodereda13b80f2c8fe96de disconnected.
1759192742: New connection from 172.18.0.4:35476 on port 1883.
1759192742: New client connected from 172.18.0.4:35476 as nodereda93f612e5cc42a39 (p2, c1, k60, u'aluno').
1759192765: New client connected from 172.18.0.1:41146 as esp32-001-web-mg5t3dyv-b88b5f (p2, c1, k60, u'aluno').
1759192825: Client esp32-001-web-mg5t3dyv-b88b5f closed its connection.
1759192828: New client connected from 172.18.0.1:38420 as esp32-001-web-mg5t3dyv-b88b5f (p2, c1, k60, u'aluno').
1759192829: Client esp32-001-web-mg5t3dyv-b88b5f closed its connection.
1759192830: New client connected from 172.18.0.1:38422 as esp32-001-web-mg5tzndh-58d463 (p2, c1, k60, u'aluno').
1759193024: Saving in-memory database to /mosquitto/data//mosquitto.db.
1759193593: Client nodereda93f612e5cc42a39 disconnected.
1759193593: New connection from 172.18.0.4:41426 on port 1883.
1759193593: New client connected from 172.18.0.4:41426 as nodered0ab946755a73f974 (p2, c1, k60, u'aluno').
1759193599: Client esp32-001-web-mg5tzndh-58d463 closed its connection.
1759193601: New client connected from 172.18.0.1:52360 as esp32-001-web-mg5ug6e6-ae5f8f (p2, c1, k60, u'aluno').
1759193657: Client esp32-001-web-mg5ug6e6-ae5f8f closed its connection.
1759193659: New client connected from 172.18.0.1:43378 as esp32-001-web-mg5uheuk-097e1f (p2, c1, k60, u'aluno').
1759193936: Client esp32-001-web-mg5uheuk-097e1f closed its connection.
1759194085: New client connected from 172.18.0.1:55164 as esp32-001-web-mg5uheuk-097e1f (p2, c1, k60, u'aluno').
1759194120: Client esp32-001-web-mg5uheuk-097e1f closed its connection.
1759194120: New client connected from 172.18.0.1:33624 as esp32-001-web-mg5uheuk-097e1f (p2, c1, k60, u'aluno').
1759194124: Client esp32-001-web-mg5uheuk-097e1f closed its connection.
1759269487: mosquitto version 2.0.22 starting
1759269487: Config loaded from /mosquitto/config/mosquitto.conf.
1759269487: Warning: File /mosquitto/config/passwd has world readable permissions. Future versions will refuse to load this file.
To fix this, use `chmod 0700 /mosquitto/config/passwd`.
1759269487: Opening ipv4 listen socket on port 1883.
1759269487: Opening websockets listen socket on port 9001.
1759269487: mosquitto version 2.0.22 running
1759269494: New connection from 172.18.0.4:49234 on port 1883.
1759269494: New client connected from 172.18.0.4:49234 as nodered955d76fc5249a301 (p2, c1, k60, u'aluno').
1759269526: Client nodered955d76fc5249a301 disconnected.
1759269527: mosquitto version 2.0.22 terminating
1759269527: Saving in-memory database to /mosquitto/data//mosquitto.db.
1759777727: mosquitto version 2.0.22 starting
1759777727: Config loaded from /mosquitto/config/mosquitto.conf.
1759777727: Warning: File /mosquitto/config/passwd has world readable permissions. Future versions will refuse to load this file.
To fix this, use `chmod 0700 /mosquitto/config/passwd`.
1759777727: Opening ipv4 listen socket on port 1883.
1759777727: Opening websockets listen socket on port 9001.
1759777727: mosquitto version 2.0.22 running
1759777746: mosquitto version 2.0.22 terminating
1759777746: Saving in-memory database to /mosquitto/data//mosquitto.db.
1761669170: mosquitto version 2.0.22 starting
1761669170: Config loaded from /mosquitto/config/mosquitto.conf.
1761669170: Warning: File /mosquitto/config/passwd has world readable permissions. Future versions will refuse to load this file.
To fix this, use `chmod 0700 /mosquitto/config/passwd`.
1761669170: Opening ipv4 listen socket on port 1883.
1761669170: Opening websockets listen socket on port 9001.
1761669170: mosquitto version 2.0.22 running
1761669192: mosquitto version 2.0.22 terminating
1761669192: Saving in-memory database to /mosquitto/data//mosquitto.db.
1761669196: mosquitto version 2.0.22 starting
1761669196: Config loaded from /mosquitto/config/mosquitto.conf.
1761669196: Warning: File /mosquitto/config/passwd has world readable permissions. Future versions will refuse to load this file.
To fix this, use `chmod 0700 /mosquitto/config/passwd`.
1761669196: Opening ipv4 listen socket on port 1883.
1761669196: Opening websockets listen socket on port 9001.
1761669196: mosquitto version 2.0.22 running
1761669252: New connection from 172.20.0.4:52908 on port 1883.
1761669252: New client connected from 172.20.0.4:52908 as nodered6d3a1fbdc4f8b408 (p2, c1, k60, u'aluno').
1761670997: Saving in-memory database to /mosquitto/data//mosquitto.db.
1761672798: Saving in-memory database to /mosquitto/data//mosquitto.db.
1761674599: Saving in-memory database to /mosquitto/data//mosquitto.db.
1761675505: Client nodered6d3a1fbdc4f8b408 disconnected.
1761675582: New connection from 172.20.0.4:52642 on port 1883.
1761675582: New client connected from 172.20.0.4:52642 as nodered896b082413c1706a (p2, c1, k60, u'aluno').
1761676400: Saving in-memory database to /mosquitto/data//mosquitto.db.
1761677573: Client nodered896b082413c1706a disconnected.
1761677573: New connection from 172.20.0.4:54672 on port 1883.
1761677573: New client connected from 172.20.0.4:54672 as noderedfcb33ab2375fee82 (p2, c1, k60, u'aluno').
1761678201: Saving in-memory database to /mosquitto/data//mosquitto.db.
1761678580: Client noderedfcb33ab2375fee82 disconnected.
1761678580: New connection from 172.20.0.4:44778 on port 1883.
1761678580: New client connected from 172.20.0.4:44778 as nodered3f0282cead8f4f53 (p2, c1, k60, u'aluno').
1761678827: Client nodered3f0282cead8f4f53 disconnected.
1761678827: New connection from 172.20.0.4:50162 on port 1883.
1761678827: New client connected from 172.20.0.4:50162 as nodered0ad5d0c0cc4c997e (p2, c1, k60, u'aluno').
1761678934: Client nodered0ad5d0c0cc4c997e disconnected.
1761678934: mosquitto version 2.0.22 terminating
1761678934: Saving in-memory database to /mosquitto/data//mosquitto.db.
1761678937: mosquitto version 2.0.22 starting
1761678937: Config loaded from /mosquitto/config/mosquitto.conf.
1761678937: Warning: File /mosquitto/config/passwd has world readable permissions. Future versions will refuse to load this file.
To fix this, use `chmod 0700 /mosquitto/config/passwd`.
1761678937: Opening ipv4 listen socket on port 1883.
1761678937: Opening websockets listen socket on port 9001.
1761678937: mosquitto version 2.0.22 running
1761678939: New connection from 172.20.0.4:59408 on port 1883.
1761678939: New client connected from 172.20.0.4:59408 as nodered3461c5cfc8d861ab (p2, c1, k60, u'aluno').
1761678959: New client connected from 172.20.0.1:35734 as pub-875da85362f89 (p2, c1, k60, u'aluno').
1761679941: Client nodered3461c5cfc8d861ab disconnected.
1761679941: New connection from 172.20.0.4:54162 on port 1883.
1761679941: New client connected from 172.20.0.4:54162 as noderedf89fcbb377949937 (p2, c1, k60, u'aluno').
1761680030: Client noderedf89fcbb377949937 disconnected.
1761680030: New connection from 172.20.0.4:35028 on port 1883.
1761680030: New client connected from 172.20.0.4:35028 as nodered470cc89f8d3058cc (p2, c1, k60, u'aluno').
1761680061: Client nodered470cc89f8d3058cc disconnected.
1761680061: New connection from 172.20.0.4:36242 on port 1883.
1761680061: New client connected from 172.20.0.4:36242 as nodered3ad3bb93114a5640 (p2, c1, k60, u'aluno').
1761680679: New client connected from 172.20.0.1:59876 as sub-6931323d858948 (p2, c1, k60, u'aluno').
1761680738: Saving in-memory database to /mosquitto/data//mosquitto.db.
1761682539: Saving in-memory database to /mosquitto/data//mosquitto.db.
